Ordroid/build/outputs/logs/manifest-merger-debug-report.txt
-- Merging decision tree log ---
manifest
ADDED from TLPTCRDN\Ordroid\AndroidManifest.xml:2:1-42:12
	package
		ADDED from TLPTCRDN\Ordroid\AndroidManifest.xml:4:5-34
	android:versionName
		ADDED from TLPTCRDN\Ordroid\AndroidManifest.xml:6:5-30
	xmlns:tools
		ADDED from TLPTCRDN\Ordroid\AndroidManifest.xml:3:5-51
	android:versionCode
		ADDED from TLPTCRDN\Ordroid\AndroidManifest.xml:5:5-28
		INJECTED from TLPTCRDN\Ordroid\AndroidManifest.xml
		INJECTED from TLPTCRDN\Ordroid\AndroidManifest.xml
	xmlns:android
		ADDED from TLPTCRDN\Ordroid\AndroidManifest.xml:2:11-69
uses-sdk
ADDED from TLPTCRDN\Ordroid\AndroidManifest.xml:8:5-43
MERGED from [TLPTCRDN:meni:unspecified] AndroidManifest.xml:8:5-43
	android:minSdkVersion
		ADDED from TLPTCRDN\Ordroid\AndroidManifest.xml:8:15-40
uses-permission#android.permission.INTERNET
ADDED from TLPTCRDN\Ordroid\AndroidManifest.xml:9:5-66
	android:name
		ADDED from TLPTCRDN\Ordroid\AndroidManifest.xml:9:22-64
uses-permission#android.permission.ACCESS_NETWORK_STATE
ADDED from TLPTCRDN\Ordroid\AndroidManifest.xml:10:5-78
	android:name
		ADDED from TLPTCRDN\Ordroid\AndroidManifest.xml:10:22-76
application
ADDED from TLPTCRDN\Ordroid\AndroidManifest.xml:12:5-41:19
REJECTED from [TLPTCRDN:meni:unspecified] AndroidManifest.xml:10:5-17:19
	tools:node
		ADDED from TLPTCRDN\Ordroid\AndroidManifest.xml:13:9-29
	android:label
		ADDED from TLPTCRDN\Ordroid\AndroidManifest.xml:15:9-41
	android:icon
		ADDED from TLPTCRDN\Ordroid\AndroidManifest.xml:14:9-41
activity#org.comp.aktivnosti.OrdroidActivity
ADDED from TLPTCRDN\Ordroid\AndroidManifest.xml:16:9-26:20
	android:screenOrientation
		ADDED from TLPTCRDN\Ordroid\AndroidManifest.xml:19:13-49
	android:label
		ADDED from TLPTCRDN\Ordroid\AndroidManifest.xml:18:13-45
	android:theme
		ADDED from TLPTCRDN\Ordroid\AndroidManifest.xml:20:13-66
	android:name
		ADDED from TLPTCRDN\Ordroid\AndroidManifest.xml:17:13-44
intent-filter#android.intent.action.MAIN+android.intent.category.LAUNCHER
ADDED from TLPTCRDN\Ordroid\AndroidManifest.xml:21:13-25:29
action#android.intent.action.MAIN
ADDED from TLPTCRDN\Ordroid\AndroidManifest.xml:22:17-69
	android:name
		ADDED from TLPTCRDN\Ordroid\AndroidManifest.xml:22:25-66
category#android.intent.category.LAUNCHER
ADDED from TLPTCRDN\Ordroid\AndroidManifest.xml:24:17-77
	android:name
		ADDED from TLPTCRDN\Ordroid\AndroidManifest.xml:24:27-74
activity#org.comp.aktivnosti.PostavkeAktivnost
ADDED from TLPTCRDN\Ordroid\AndroidManifest.xml:27:9-154
	android:screenOrientation
		ADDED from TLPTCRDN\Ordroid\AndroidManifest.xml:27:52-88
	android:theme
		ADDED from TLPTCRDN\Ordroid\AndroidManifest.xml:27:89-142
	android:name
		ADDED from TLPTCRDN\Ordroid\AndroidManifest.xml:27:19-51
activity#org.comp.aktivnosti.PocetnaAktivnost
ADDED from TLPTCRDN\Ordroid\AndroidManifest.xml:28:9-195
	android:screenOrientation
		ADDED from TLPTCRDN\Ordroid\AndroidManifest.xml:28:93-129
	android:windowSoftInputMode
		ADDED from TLPTCRDN\Ordroid\AndroidManifest.xml:28:51-92
	android:theme
		ADDED from TLPTCRDN\Ordroid\AndroidManifest.xml:28:130-183
	android:name
		ADDED from TLPTCRDN\Ordroid\AndroidManifest.xml:28:19-50
activity#org.comp.aktivnosti.NarucivanjeAktivnost
ADDED from TLPTCRDN\Ordroid\AndroidManifest.xml:29:9-199
	android:screenOrientation
		ADDED from TLPTCRDN\Ordroid\AndroidManifest.xml:29:97-133
	android:windowSoftInputMode
		ADDED from TLPTCRDN\Ordroid\AndroidManifest.xml:29:55-96
	android:theme
		ADDED from TLPTCRDN\Ordroid\AndroidManifest.xml:29:134-187
	android:name
		ADDED from TLPTCRDN\Ordroid\AndroidManifest.xml:29:19-54
activity#org.comp.aktivnosti.NovaNarudzbaAktivnost
ADDED from TLPTCRDN\Ordroid\AndroidManifest.xml:30:9-200
	android:screenOrientation
		ADDED from TLPTCRDN\Ordroid\AndroidManifest.xml:30:98-134
	android:windowSoftInputMode
		ADDED from TLPTCRDN\Ordroid\AndroidManifest.xml:30:56-97
	android:theme
		ADDED from TLPTCRDN\Ordroid\AndroidManifest.xml:30:135-188
	android:name
		ADDED from TLPTCRDN\Ordroid\AndroidManifest.xml:30:19-55
activity#org.comp.aktivnosti.PregledZakljucenihAktivnost
ADDED from TLPTCRDN\Ordroid\AndroidManifest.xml:31:9-206
	android:screenOrientation
		ADDED from TLPTCRDN\Ordroid\AndroidManifest.xml:31:104-140
	android:windowSoftInputMode
		ADDED from TLPTCRDN\Ordroid\AndroidManifest.xml:31:62-103
	android:theme
		ADDED from TLPTCRDN\Ordroid\AndroidManifest.xml:31:141-194
	android:name
		ADDED from TLPTCRDN\Ordroid\AndroidManifest.xml:31:19-61
activity#org.comp.aktivnosti.NarudzbaAktivnost
ADDED from TLPTCRDN\Ordroid\AndroidManifest.xml:32:9-196
	android:screenOrientation
		ADDED from TLPTCRDN\Ordroid\AndroidManifest.xml:32:94-130
	android:windowSoftInputMode
		ADDED from TLPTCRDN\Ordroid\AndroidManifest.xml:32:52-93
	android:theme
		ADDED from TLPTCRDN\Ordroid\AndroidManifest.xml:32:131-184
	android:name
		ADDED from TLPTCRDN\Ordroid\AndroidManifest.xml:32:19-51
activity#org.comp.aktivnosti.UcitavanjePodatakaAktivnost
ADDED from TLPTCRDN\Ordroid\AndroidManifest.xml:33:9-164
	android:screenOrientation
		ADDED from TLPTCRDN\Ordroid\AndroidManifest.xml:33:62-98
	android:theme
		ADDED from TLPTCRDN\Ordroid\AndroidManifest.xml:33:99-152
	android:name
		ADDED from TLPTCRDN\Ordroid\AndroidManifest.xml:33:19-61
activity#org.comp.aktivnosti.PregledKupacaAktivnost
ADDED from TLPTCRDN\Ordroid\AndroidManifest.xml:34:9-159
	android:screenOrientation
		ADDED from TLPTCRDN\Ordroid\AndroidManifest.xml:34:57-93
	android:theme
		ADDED from TLPTCRDN\Ordroid\AndroidManifest.xml:34:94-147
	android:name
		ADDED from TLPTCRDN\Ordroid\AndroidManifest.xml:34:19-56
activity#org.comp.aktivnosti.PregledProizvodaAktivnost
ADDED from TLPTCRDN\Ordroid\AndroidManifest.xml:35:9-162
	android:screenOrientation
		ADDED from TLPTCRDN\Ordroid\AndroidManifest.xml:35:60-96
	android:theme
		ADDED from TLPTCRDN\Ordroid\AndroidManifest.xml:35:97-150
	android:name
		ADDED from TLPTCRDN\Ordroid\AndroidManifest.xml:35:19-59
activity#org.comp.aktivnosti.PregledPoslatihAktivnost
ADDED from TLPTCRDN\Ordroid\AndroidManifest.xml:36:9-203
	android:screenOrientation
		ADDED from TLPTCRDN\Ordroid\AndroidManifest.xml:36:101-137
	android:windowSoftInputMode
		ADDED from TLPTCRDN\Ordroid\AndroidManifest.xml:36:59-100
	android:theme
		ADDED from TLPTCRDN\Ordroid\AndroidManifest.xml:36:138-191
	android:name
		ADDED from TLPTCRDN\Ordroid\AndroidManifest.xml:36:19-58
activity#org.comp.aktivnosti.NaruceniProizvodiAktivnost
ADDED from TLPTCRDN\Ordroid\AndroidManifest.xml:37:9-163
	android:screenOrientation
		ADDED from TLPTCRDN\Ordroid\AndroidManifest.xml:37:61-97
	android:theme
		ADDED from TLPTCRDN\Ordroid\AndroidManifest.xml:37:98-151
	android:name
		ADDED from TLPTCRDN\Ordroid\AndroidManifest.xml:37:19-60
activity#org.comp.aktivnosti.PrikaziAlarmAktivnost
ADDED from TLPTCRDN\Ordroid\AndroidManifest.xml:38:9-145
	android:screenOrientation
		ADDED from TLPTCRDN\Ordroid\AndroidManifest.xml:38:56-92
	android:theme
		ADDED from TLPTCRDN\Ordroid\AndroidManifest.xml:38:93-133
	android:name
		ADDED from TLPTCRDN\Ordroid\AndroidManifest.xml:38:19-55
activity#org.comp.aktivnosti.MenuActivity
ADDED from TLPTCRDN\Ordroid\AndroidManifest.xml:39:9-149
	android:screenOrientation
		ADDED from TLPTCRDN\Ordroid\AndroidManifest.xml:39:101-137
	android:theme
		ADDED from TLPTCRDN\Ordroid\AndroidManifest.xml:39:47-100
	android:name
		ADDED from TLPTCRDN\Ordroid\AndroidManifest.xml:39:19-46